Alexander_I 0
Alexei 0
Anna 0
Elizabeth 0
Nicholaus_I 0
Paul_I 0
Peter_I 0
Peter_II 0
Peter_III 0
Alexander_I 0
Alexei 0
Anna 0
Elizabeth 0
Nicholaus_I 0
Paul_I 0
Peter_I 0
Peter_II 0
Peter_III 0
Alexander_I 0
Alexei 0
Anna 0
Elizabeth 0
Nicholaus_I 0
Paul_I 0
Peter_I 0
Peter_II 0
Peter_III 0
Alexander_I 0
Alexei 0
Anna 0
Elizabeth 0
Nicholaus_I 0
Paul_I 0
Peter_I 0
Peter_II 0
Peter_III 0
Alexander_I 0
Alexei 0
Anna 0
Elizabeth 0
Nicholaus_I 0
Paul_I 0
Peter_I 0
Peter_II 0
Peter_III 0
Alexander_I 0
Alexei 0
Anna 0
Elizabeth 0
Nicholaus_I 0
Paul_I 0
Peter_I 0
Peter_II 0
Peter_III 0
Alexander_I 0
Alexei 0
Anna 0
Elizabeth 0
Nicholaus_I 0
Paul_I 0
Peter_I 0
Peter_II 0
Peter_III 0
Alexander_I 0
Alexei 0
Anna 0
Elizabeth 0
Nicholaus_I 0
Paul_I 0
Peter_I 0
Peter_II 0
Peter_III 0
Alexander_I 0
Alexei 0
Anna 0
Elizabeth 0
Nicholaus_I 0
Paul_I 0
Peter_I 0
Peter_II 0
Peter_III 0
Alexander_I 0
Alexei 0
Anna 0
Elizabeth 0
Nicholaus_I 0
Paul_I 0
Peter_I 0
Peter_II 0
Peter_III 0
Alexander_I 0
Alexei 0
Anna 0
Elizabeth 0
Nicholaus_I 0
Paul_I 0
Peter_I 0
Peter_II 0
Peter_III 0
Alexander_I 0
Alexei 0
Anna 0
Elizabeth 0
Nicholaus_I 0
Paul_I 0
Peter_I 0
Peter_II 0
Peter_III 0
Alexander_I 0
Alexei 0
Anna 0
Elizabeth 0
Nicholaus_I 0
Paul_I 0
Peter_I 0
Peter_II 0
Peter_III 0
Alexander_I 0
Alexei 0
Anna 0
Elizabeth 0
Nicholaus_I 0
Paul_I 0
Peter_I 0
Peter_II 0
Peter_III 0
Alexander_I 0
Alexei 0
Anna 0
Elizabeth 0
Nicholaus_I 0
Paul_I 0
Peter_I 0
Peter_II 0
Peter_III 0
Alexander_I 0
Alexei 0
Anna 0
Elizabeth 0
Nicholaus_I 0
Paul_I 0
Peter_I 0
Peter_II 0
Peter_III 0
Alexander_I 0
Alexei 0
Anna 0
Elizabeth 0
Nicholaus_I 0
Paul_I 0
Peter_I 0
Peter_II 0
Peter_III 0
Alexander_I 0
Alexei 0
Anna 0
Elizabeth 0
Nicholaus_I 0
Paul_I 0
Peter_I 0
Peter_II 0
Peter_III 0
