2 69
69 87
1 86
5 33
86 16
33 31
69 29
33 86
86 58
69 86
86 68
86 38
86 66
86 92
86 72
86 49
86 93
86 95
3 86
86 62
86 53
86 100
86 97
4 86
86 61
86 30
86 76
86 74
86 83
86 19
86 12
86 18
86 81
86 26
86 70
86 99
86 60
86 24
86 14
86 34
86 13
86 20
86 9
86 94
86 52
86 59
86 23
86 65
6 86
86 51
86 54
86 67
86 45
86 57
86 82
86 71
86 10
86 25
86 79
86 98
86 80
86 96
86 90
86 46
86 7
86 91
86 11
86 32
86 42
86 85
86 73
86 47
86 56
86 35
86 48
86 43
86 75
86 22
86 64
86 8
86 28
86 40
86 89
86 37
86 39
86 63
86 44
86 15
86 36
86 77
86 50
86 21
86 27
86 84
86 17
86 78
86 55
86 88
86 41
58681
